[2024-08-29 11:06:00:718][Test worker] INFO  o.e.c.CatchLineApplicationTests[50] - Starting CatchLineApplicationTests using Java 17.0.12 with PID 42566 (started by sunwoo in /Users/sunwoo/Desktop/Git/E2E2-CATCHLINE)
[2024-08-29 11:06:00:719][Test worker] DEBUG o.e.c.CatchLineApplicationTests[51] - Running with Spring Boot v3.3.2, Spring v6.1.11
[2024-08-29 11:06:00:719][Test worker] INFO  o.e.c.CatchLineApplicationTests[660] - The following 2 profiles are active: "API-KEY", "prod"
[2024-08-29 11:06:05:6046][Test worker] INFO  o.e.c.CatchLineApplicationTests[56] - Started CatchLineApplicationTests in 5.648 seconds (process running for 6.712)
[2024-08-29 11:06:08:8826][Test worker] INFO  o.e.c.m.c.MenuControllerTest[50] - Starting MenuControllerTest using Java 17.0.12 with PID 42566 (started by sunwoo in /Users/sunwoo/Desktop/Git/E2E2-CATCHLINE)
[2024-08-29 11:06:08:8826][Test worker] DEBUG o.e.c.m.c.MenuControllerTest[51] - Running with Spring Boot v3.3.2, Spring v6.1.11
[2024-08-29 11:06:08:8826][Test worker] INFO  o.e.c.m.c.MenuControllerTest[660] - The following 2 profiles are active: "API-KEY", "prod"
[2024-08-29 11:06:09:9232][Test worker] INFO  o.e.c.m.c.MenuControllerTest[56] - Started MenuControllerTest in 0.428 seconds (process running for 9.897)
[2024-08-29 11:06:09:9854][Test worker] INFO  o.e.c.r.c.RestaurantControllerTest[50] - Starting RestaurantControllerTest using Java 17.0.12 with PID 42566 (started by sunwoo in /Users/sunwoo/Desktop/Git/E2E2-CATCHLINE)
[2024-08-29 11:06:09:9855][Test worker] DEBUG o.e.c.r.c.RestaurantControllerTest[51] - Running with Spring Boot v3.3.2, Spring v6.1.11
[2024-08-29 11:06:09:9855][Test worker] INFO  o.e.c.r.c.RestaurantControllerTest[660] - The following 2 profiles are active: "API-KEY", "prod"
[2024-08-29 11:06:09:10085][Test worker] INFO  o.e.c.r.c.RestaurantPreviewControllerTest[50] - Starting RestaurantPreviewControllerTest using Java 17.0.12 with PID 42566 (started by sunwoo in /Users/sunwoo/Desktop/Git/E2E2-CATCHLINE)
[2024-08-29 11:06:09:10085][Test worker] DEBUG o.e.c.r.c.RestaurantPreviewControllerTest[51] - Running with Spring Boot v3.3.2, Spring v6.1.11
[2024-08-29 11:06:09:10085][Test worker] INFO  o.e.c.r.c.RestaurantPreviewControllerTest[660] - The following 2 profiles are active: "API-KEY", "prod"
[2024-08-29 11:06:10:10320][Test worker] INFO  o.e.c.r.c.RestaurantPreviewControllerTest[56] - Started RestaurantPreviewControllerTest in 0.258 seconds (process running for 10.986)
[2024-08-29 11:06:10:10335][Test worker] INFO  o.e.c.d.r.c.RestaurantPreviewController[37] - memberUserDetails: null
[2024-08-29 11:06:10:10382][Test worker] INFO  o.e.c.r.c.ReviewControllerTest[50] - Starting ReviewControllerTest using Java 17.0.12 with PID 42566 (started by sunwoo in /Users/sunwoo/Desktop/Git/E2E2-CATCHLINE)
[2024-08-29 11:06:10:10382][Test worker] DEBUG o.e.c.r.c.ReviewControllerTest[51] - Running with Spring Boot v3.3.2, Spring v6.1.11
[2024-08-29 11:06:10:10382][Test worker] INFO  o.e.c.r.c.ReviewControllerTest[660] - The following 2 profiles are active: "API-KEY", "prod"
[2024-08-29 11:06:10:10627][Test worker] INFO  o.e.c.r.c.ReviewControllerTest[56] - Started ReviewControllerTest in 0.263 seconds (process running for 11.293)
[2024-08-29 11:11:54:326][Test worker] INFO  o.e.c.concurrency.ConcurrencyTest2[50] - Starting ConcurrencyTest2 using Java 17.0.12 with PID 42750 (started by sunwoo in /Users/sunwoo/Desktop/Git/E2E2-CATCHLINE)
[2024-08-29 11:11:54:327][Test worker] DEBUG o.e.c.concurrency.ConcurrencyTest2[51] - Running with Spring Boot v3.3.2, Spring v6.1.11
[2024-08-29 11:11:54:328][Test worker] INFO  o.e.c.concurrency.ConcurrencyTest2[660] - The following 2 profiles are active: "API-KEY", "test"
[2024-08-29 11:11:58:3708][Test worker] INFO  o.e.c.concurrency.ConcurrencyTest2[56] - Started ConcurrencyTest2 in 3.556 seconds (process running for 4.006)
[2024-08-29 11:13:13:310][Test worker] INFO  o.e.c.concurrency.ConcurrencyTest2[50] - Starting ConcurrencyTest2 using Java 17.0.12 with PID 42797 (started by sunwoo in /Users/sunwoo/Desktop/Git/E2E2-CATCHLINE)
[2024-08-29 11:13:13:311][Test worker] DEBUG o.e.c.concurrency.ConcurrencyTest2[51] - Running with Spring Boot v3.3.2, Spring v6.1.11
[2024-08-29 11:13:13:311][Test worker] INFO  o.e.c.concurrency.ConcurrencyTest2[660] - The following 2 profiles are active: "API-KEY", "test"
[2024-08-29 11:13:16:3716][Test worker] INFO  o.e.c.concurrency.ConcurrencyTest2[56] - Started ConcurrencyTest2 in 3.561 seconds (process running for 4.027)
[2024-08-29 11:14:36:318][Test worker] INFO  o.e.c.concurrency.ConcurrencyTest2[50] - Starting ConcurrencyTest2 using Java 17.0.12 with PID 42850 (started by sunwoo in /Users/sunwoo/Desktop/Git/E2E2-CATCHLINE)
[2024-08-29 11:14:36:318][Test worker] DEBUG o.e.c.concurrency.ConcurrencyTest2[51] - Running with Spring Boot v3.3.2, Spring v6.1.11
[2024-08-29 11:14:36:319][Test worker] INFO  o.e.c.concurrency.ConcurrencyTest2[660] - The following 2 profiles are active: "API-KEY", "test"
[2024-08-29 11:14:39:3729][Test worker] INFO  o.e.c.concurrency.ConcurrencyTest2[56] - Started ConcurrencyTest2 in 3.582 seconds (process running for 4.065)
[2024-08-29 11:20:52:753][Test worker] INFO  o.e.c.CatchLineApplicationTests[50] - Starting CatchLineApplicationTests using Java 17.0.12 with PID 43052 (started by sunwoo in /Users/sunwoo/Desktop/Git/E2E2-CATCHLINE)
[2024-08-29 11:20:52:755][Test worker] DEBUG o.e.c.CatchLineApplicationTests[51] - Running with Spring Boot v3.3.2, Spring v6.1.11
[2024-08-29 11:20:52:756][Test worker] INFO  o.e.c.CatchLineApplicationTests[660] - The following 2 profiles are active: "API-KEY", "prod"
[2024-08-29 11:20:57:6204][Test worker] INFO  o.e.c.CatchLineApplicationTests[56] - Started CatchLineApplicationTests in 5.789 seconds (process running for 6.891)
[2024-08-29 11:20:59:8431][Test worker] INFO  o.e.c.concurrency.ConcurrencyTest2[50] - Starting ConcurrencyTest2 using Java 17.0.12 with PID 43052 (started by sunwoo in /Users/sunwoo/Desktop/Git/E2E2-CATCHLINE)
[2024-08-29 11:20:59:8431][Test worker] DEBUG o.e.c.concurrency.ConcurrencyTest2[51] - Running with Spring Boot v3.3.2, Spring v6.1.11
[2024-08-29 11:20:59:8431][Test worker] INFO  o.e.c.concurrency.ConcurrencyTest2[660] - The following 2 profiles are active: "API-KEY", "test"
[2024-08-29 11:21:01:10054][Test worker] INFO  o.e.c.concurrency.ConcurrencyTest2[56] - Started ConcurrencyTest2 in 1.644 seconds (process running for 10.742)
[2024-08-29 11:21:21:29691][Test worker] INFO  o.e.c.m.c.MenuControllerTest[50] - Starting MenuControllerTest using Java 17.0.12 with PID 43052 (started by sunwoo in /Users/sunwoo/Desktop/Git/E2E2-CATCHLINE)
[2024-08-29 11:21:21:29692][Test worker] DEBUG o.e.c.m.c.MenuControllerTest[51] - Running with Spring Boot v3.3.2, Spring v6.1.11
[2024-08-29 11:21:21:29692][Test worker] INFO  o.e.c.m.c.MenuControllerTest[660] - The following 2 profiles are active: "API-KEY", "prod"
[2024-08-29 11:21:21:29968][Test worker] INFO  o.e.c.m.c.MenuControllerTest[56] - Started MenuControllerTest in 0.288 seconds (process running for 30.656)
[2024-08-29 11:21:21:30353][Test worker] INFO  o.e.c.r.c.RestaurantControllerTest[50] - Starting RestaurantControllerTest using Java 17.0.12 with PID 43052 (started by sunwoo in /Users/sunwoo/Desktop/Git/E2E2-CATCHLINE)
[2024-08-29 11:21:21:30354][Test worker] DEBUG o.e.c.r.c.RestaurantControllerTest[51] - Running with Spring Boot v3.3.2, Spring v6.1.11
[2024-08-29 11:21:21:30354][Test worker] INFO  o.e.c.r.c.RestaurantControllerTest[660] - The following 2 profiles are active: "API-KEY", "prod"
[2024-08-29 11:21:22:30515][Test worker] INFO  o.e.c.r.c.RestaurantPreviewControllerTest[50] - Starting RestaurantPreviewControllerTest using Java 17.0.12 with PID 43052 (started by sunwoo in /Users/sunwoo/Desktop/Git/E2E2-CATCHLINE)
[2024-08-29 11:21:22:30515][Test worker] DEBUG o.e.c.r.c.RestaurantPreviewControllerTest[51] - Running with Spring Boot v3.3.2, Spring v6.1.11
[2024-08-29 11:21:22:30515][Test worker] INFO  o.e.c.r.c.RestaurantPreviewControllerTest[660] - The following 2 profiles are active: "API-KEY", "prod"
[2024-08-29 11:21:22:30667][Test worker] INFO  o.e.c.r.c.RestaurantPreviewControllerTest[56] - Started RestaurantPreviewControllerTest in 0.167 seconds (process running for 31.355)
[2024-08-29 11:21:22:30676][Test worker] INFO  o.e.c.d.r.c.RestaurantPreviewController[37] - memberUserDetails: null
[2024-08-29 11:21:22:30699][Test worker] INFO  o.e.c.r.c.ReviewControllerTest[50] - Starting ReviewControllerTest using Java 17.0.12 with PID 43052 (started by sunwoo in /Users/sunwoo/Desktop/Git/E2E2-CATCHLINE)
[2024-08-29 11:21:22:30699][Test worker] DEBUG o.e.c.r.c.ReviewControllerTest[51] - Running with Spring Boot v3.3.2, Spring v6.1.11
[2024-08-29 11:21:22:30699][Test worker] INFO  o.e.c.r.c.ReviewControllerTest[660] - The following 2 profiles are active: "API-KEY", "prod"
[2024-08-29 11:21:22:30863][Test worker] INFO  o.e.c.r.c.ReviewControllerTest[56] - Started ReviewControllerTest in 0.172 seconds (process running for 31.551)
[2024-08-29 12:11:05:758][Test worker] INFO  o.e.c.CatchLineApplicationTests[50] - Starting CatchLineApplicationTests using Java 17.0.12 with PID 44428 (started by sunwoo in /Users/sunwoo/Desktop/Git/E2E2-CATCHLINE)
[2024-08-29 12:11:05:760][Test worker] DEBUG o.e.c.CatchLineApplicationTests[51] - Running with Spring Boot v3.3.2, Spring v6.1.11
[2024-08-29 12:11:05:761][Test worker] INFO  o.e.c.CatchLineApplicationTests[660] - The following 2 profiles are active: "API-KEY", "prod"
[2024-08-29 12:11:10:6298][Test worker] INFO  o.e.c.CatchLineApplicationTests[56] - Started CatchLineApplicationTests in 5.882 seconds (process running for 6.973)
[2024-08-29 12:11:13:9044][Test worker] INFO  o.e.c.m.c.MenuControllerTest[50] - Starting MenuControllerTest using Java 17.0.12 with PID 44428 (started by sunwoo in /Users/sunwoo/Desktop/Git/E2E2-CATCHLINE)
[2024-08-29 12:11:13:9045][Test worker] DEBUG o.e.c.m.c.MenuControllerTest[51] - Running with Spring Boot v3.3.2, Spring v6.1.11
[2024-08-29 12:11:13:9045][Test worker] INFO  o.e.c.m.c.MenuControllerTest[660] - The following 2 profiles are active: "API-KEY", "prod"
[2024-08-29 12:11:13:9439][Test worker] INFO  o.e.c.m.c.MenuControllerTest[56] - Started MenuControllerTest in 0.415 seconds (process running for 10.114)
[2024-08-29 12:11:14:9943][Test worker] INFO  o.e.c.r.c.RestaurantControllerTest[50] - Starting RestaurantControllerTest using Java 17.0.12 with PID 44428 (started by sunwoo in /Users/sunwoo/Desktop/Git/E2E2-CATCHLINE)
[2024-08-29 12:11:14:9943][Test worker] DEBUG o.e.c.r.c.RestaurantControllerTest[51] - Running with Spring Boot v3.3.2, Spring v6.1.11
[2024-08-29 12:11:14:9943][Test worker] INFO  o.e.c.r.c.RestaurantControllerTest[660] - The following 2 profiles are active: "API-KEY", "prod"
[2024-08-29 12:11:14:10130][Test worker] INFO  o.e.c.r.c.RestaurantPreviewControllerTest[50] - Starting RestaurantPreviewControllerTest using Java 17.0.12 with PID 44428 (started by sunwoo in /Users/sunwoo/Desktop/Git/E2E2-CATCHLINE)
[2024-08-29 12:11:14:10130][Test worker] DEBUG o.e.c.r.c.RestaurantPreviewControllerTest[51] - Running with Spring Boot v3.3.2, Spring v6.1.11
[2024-08-29 12:11:14:10130][Test worker] INFO  o.e.c.r.c.RestaurantPreviewControllerTest[660] - The following 2 profiles are active: "API-KEY", "prod"
[2024-08-29 12:11:14:10305][Test worker] INFO  o.e.c.r.c.RestaurantPreviewControllerTest[56] - Started RestaurantPreviewControllerTest in 0.193 seconds (process running for 10.981)
[2024-08-29 12:11:14:10315][Test worker] INFO  o.e.c.d.r.c.RestaurantPreviewController[37] - memberUserDetails: null
[2024-08-29 12:11:15:11071][Test worker] INFO  o.e.c.r.c.ReviewControllerTest[50] - Starting ReviewControllerTest using Java 17.0.12 with PID 44428 (started by sunwoo in /Users/sunwoo/Desktop/Git/E2E2-CATCHLINE)
[2024-08-29 12:11:15:11071][Test worker] DEBUG o.e.c.r.c.ReviewControllerTest[51] - Running with Spring Boot v3.3.2, Spring v6.1.11
[2024-08-29 12:11:15:11071][Test worker] INFO  o.e.c.r.c.ReviewControllerTest[660] - The following 2 profiles are active: "API-KEY", "prod"
[2024-08-29 12:11:15:11226][Test worker] INFO  o.e.c.r.c.ReviewControllerTest[56] - Started ReviewControllerTest in 0.165 seconds (process running for 11.901)
[2024-08-29 12:19:44:724][Test worker] INFO  o.e.c.CatchLineApplicationTests[50] - Starting CatchLineApplicationTests using Java 17.0.12 with PID 44685 (started by sunwoo in /Users/sunwoo/Desktop/Git/E2E2-CATCHLINE)
[2024-08-29 12:19:44:728][Test worker] DEBUG o.e.c.CatchLineApplicationTests[51] - Running with Spring Boot v3.3.2, Spring v6.1.11
[2024-08-29 12:19:44:728][Test worker] INFO  o.e.c.CatchLineApplicationTests[660] - The following 2 profiles are active: "API-KEY", "prod"
[2024-08-29 12:19:49:6116][Test worker] INFO  o.e.c.CatchLineApplicationTests[56] - Started CatchLineApplicationTests in 5.724 seconds (process running for 6.755)
[2024-08-29 12:19:52:8949][Test worker] INFO  o.e.c.m.c.MenuControllerTest[50] - Starting MenuControllerTest using Java 17.0.12 with PID 44685 (started by sunwoo in /Users/sunwoo/Desktop/Git/E2E2-CATCHLINE)
[2024-08-29 12:19:52:8949][Test worker] DEBUG o.e.c.m.c.MenuControllerTest[51] - Running with Spring Boot v3.3.2, Spring v6.1.11
[2024-08-29 12:19:52:8949][Test worker] INFO  o.e.c.m.c.MenuControllerTest[660] - The following 2 profiles are active: "API-KEY", "prod"
[2024-08-29 12:19:53:9322][Test worker] INFO  o.e.c.m.c.MenuControllerTest[56] - Started MenuControllerTest in 0.395 seconds (process running for 9.962)
[2024-08-29 12:19:53:9844][Test worker] INFO  o.e.c.r.c.RestaurantControllerTest[50] - Starting RestaurantControllerTest using Java 17.0.12 with PID 44685 (started by sunwoo in /Users/sunwoo/Desktop/Git/E2E2-CATCHLINE)
[2024-08-29 12:19:53:9844][Test worker] DEBUG o.e.c.r.c.RestaurantControllerTest[51] - Running with Spring Boot v3.3.2, Spring v6.1.11
[2024-08-29 12:19:53:9844][Test worker] INFO  o.e.c.r.c.RestaurantControllerTest[660] - The following 2 profiles are active: "API-KEY", "prod"
[2024-08-29 12:19:53:10040][Test worker] INFO  o.e.c.r.c.RestaurantPreviewControllerTest[50] - Starting RestaurantPreviewControllerTest using Java 17.0.12 with PID 44685 (started by sunwoo in /Users/sunwoo/Desktop/Git/E2E2-CATCHLINE)
[2024-08-29 12:19:53:10041][Test worker] DEBUG o.e.c.r.c.RestaurantPreviewControllerTest[51] - Running with Spring Boot v3.3.2, Spring v6.1.11
[2024-08-29 12:19:53:10041][Test worker] INFO  o.e.c.r.c.RestaurantPreviewControllerTest[660] - The following 2 profiles are active: "API-KEY", "prod"
[2024-08-29 12:19:54:10237][Test worker] INFO  o.e.c.r.c.RestaurantPreviewControllerTest[56] - Started RestaurantPreviewControllerTest in 0.215 seconds (process running for 10.876)
[2024-08-29 12:19:54:10247][Test worker] INFO  o.e.c.d.r.c.RestaurantPreviewController[37] - memberUserDetails: null
[2024-08-29 12:19:54:11009][Test worker] INFO  o.e.c.r.c.ReviewControllerTest[50] - Starting ReviewControllerTest using Java 17.0.12 with PID 44685 (started by sunwoo in /Users/sunwoo/Desktop/Git/E2E2-CATCHLINE)
[2024-08-29 12:19:54:11009][Test worker] DEBUG o.e.c.r.c.ReviewControllerTest[51] - Running with Spring Boot v3.3.2, Spring v6.1.11
[2024-08-29 12:19:54:11009][Test worker] INFO  o.e.c.r.c.ReviewControllerTest[660] - The following 2 profiles are active: "API-KEY", "prod"
[2024-08-29 12:19:54:11164][Test worker] INFO  o.e.c.r.c.ReviewControllerTest[56] - Started ReviewControllerTest in 0.165 seconds (process running for 11.803)
[2024-08-29 12:36:38:728][Test worker] INFO  o.e.c.CatchLineApplicationTests[50] - Starting CatchLineApplicationTests using Java 17.0.12 with PID 45071 (started by sunwoo in /Users/sunwoo/Desktop/Git/E2E2-CATCHLINE)
[2024-08-29 12:36:38:730][Test worker] DEBUG o.e.c.CatchLineApplicationTests[51] - Running with Spring Boot v3.3.2, Spring v6.1.11
[2024-08-29 12:36:38:730][Test worker] INFO  o.e.c.CatchLineApplicationTests[660] - The following 2 profiles are active: "API-KEY", "prod"
[2024-08-29 12:36:44:6191][Test worker] INFO  o.e.c.CatchLineApplicationTests[56] - Started CatchLineApplicationTests in 5.789 seconds (process running for 6.835)
[2024-08-29 12:36:46:8994][Test worker] INFO  o.e.c.m.c.MenuControllerTest[50] - Starting MenuControllerTest using Java 17.0.12 with PID 45071 (started by sunwoo in /Users/sunwoo/Desktop/Git/E2E2-CATCHLINE)
[2024-08-29 12:36:46:8995][Test worker] DEBUG o.e.c.m.c.MenuControllerTest[51] - Running with Spring Boot v3.3.2, Spring v6.1.11
[2024-08-29 12:36:46:8995][Test worker] INFO  o.e.c.m.c.MenuControllerTest[660] - The following 2 profiles are active: "API-KEY", "prod"
[2024-08-29 12:36:47:9370][Test worker] INFO  o.e.c.m.c.MenuControllerTest[56] - Started MenuControllerTest in 0.397 seconds (process running for 10.014)
[2024-08-29 12:36:47:10040][Test worker] INFO  o.e.c.r.c.RestaurantControllerTest[50] - Starting RestaurantControllerTest using Java 17.0.12 with PID 45071 (started by sunwoo in /Users/sunwoo/Desktop/Git/E2E2-CATCHLINE)
[2024-08-29 12:36:47:10040][Test worker] DEBUG o.e.c.r.c.RestaurantControllerTest[51] - Running with Spring Boot v3.3.2, Spring v6.1.11
[2024-08-29 12:36:47:10040][Test worker] INFO  o.e.c.r.c.RestaurantControllerTest[660] - The following 2 profiles are active: "API-KEY", "prod"
[2024-08-29 12:36:48:10267][Test worker] INFO  o.e.c.r.c.RestaurantPreviewControllerTest[50] - Starting RestaurantPreviewControllerTest using Java 17.0.12 with PID 45071 (started by sunwoo in /Users/sunwoo/Desktop/Git/E2E2-CATCHLINE)
[2024-08-29 12:36:48:10267][Test worker] DEBUG o.e.c.r.c.RestaurantPreviewControllerTest[51] - Running with Spring Boot v3.3.2, Spring v6.1.11
[2024-08-29 12:36:48:10267][Test worker] INFO  o.e.c.r.c.RestaurantPreviewControllerTest[660] - The following 2 profiles are active: "API-KEY", "prod"
[2024-08-29 12:36:48:10501][Test worker] INFO  o.e.c.r.c.RestaurantPreviewControllerTest[56] - Started RestaurantPreviewControllerTest in 0.256 seconds (process running for 11.145)
[2024-08-29 12:36:48:10516][Test worker] INFO  o.e.c.d.r.c.RestaurantPreviewController[37] - memberUserDetails: null
[2024-08-29 12:36:49:11392][Test worker] INFO  o.e.c.r.c.ReviewControllerTest[50] - Starting ReviewControllerTest using Java 17.0.12 with PID 45071 (started by sunwoo in /Users/sunwoo/Desktop/Git/E2E2-CATCHLINE)
[2024-08-29 12:36:49:11392][Test worker] DEBUG o.e.c.r.c.ReviewControllerTest[51] - Running with Spring Boot v3.3.2, Spring v6.1.11
[2024-08-29 12:36:49:11392][Test worker] INFO  o.e.c.r.c.ReviewControllerTest[660] - The following 2 profiles are active: "API-KEY", "prod"
[2024-08-29 12:36:49:11559][Test worker] INFO  o.e.c.r.c.ReviewControllerTest[56] - Started ReviewControllerTest in 0.192 seconds (process running for 12.203)
[2024-08-29 13:00:15:714][Test worker] INFO  o.e.c.CatchLineApplicationTests[50] - Starting CatchLineApplicationTests using Java 17.0.12 with PID 45781 (started by sunwoo in /Users/sunwoo/Desktop/Git/E2E2-CATCHLINE)
[2024-08-29 13:00:15:716][Test worker] DEBUG o.e.c.CatchLineApplicationTests[51] - Running with Spring Boot v3.3.2, Spring v6.1.11
[2024-08-29 13:00:15:716][Test worker] INFO  o.e.c.CatchLineApplicationTests[660] - The following 2 profiles are active: "API-KEY", "prod"
[2024-08-29 13:00:21:6018][Test worker] INFO  o.e.c.CatchLineApplicationTests[56] - Started CatchLineApplicationTests in 5.628 seconds (process running for 6.687)
[2024-08-29 13:00:24:9117][Test worker] INFO  o.e.c.m.c.MenuControllerTest[50] - Starting MenuControllerTest using Java 17.0.12 with PID 45781 (started by sunwoo in /Users/sunwoo/Desktop/Git/E2E2-CATCHLINE)
[2024-08-29 13:00:24:9117][Test worker] DEBUG o.e.c.m.c.MenuControllerTest[51] - Running with Spring Boot v3.3.2, Spring v6.1.11
[2024-08-29 13:00:24:9117][Test worker] INFO  o.e.c.m.c.MenuControllerTest[660] - The following 2 profiles are active: "API-KEY", "prod"
[2024-08-29 13:00:24:9468][Test worker] INFO  o.e.c.m.c.MenuControllerTest[56] - Started MenuControllerTest in 0.367 seconds (process running for 10.137)
[2024-08-29 13:00:25:10008][Test worker] INFO  o.e.c.r.c.RestaurantControllerTest[50] - Starting RestaurantControllerTest using Java 17.0.12 with PID 45781 (started by sunwoo in /Users/sunwoo/Desktop/Git/E2E2-CATCHLINE)
[2024-08-29 13:00:25:10008][Test worker] DEBUG o.e.c.r.c.RestaurantControllerTest[51] - Running with Spring Boot v3.3.2, Spring v6.1.11
[2024-08-29 13:00:25:10008][Test worker] INFO  o.e.c.r.c.RestaurantControllerTest[660] - The following 2 profiles are active: "API-KEY", "prod"
[2024-08-29 13:00:25:10210][Test worker] INFO  o.e.c.r.c.RestaurantPreviewControllerTest[50] - Starting RestaurantPreviewControllerTest using Java 17.0.12 with PID 45781 (started by sunwoo in /Users/sunwoo/Desktop/Git/E2E2-CATCHLINE)
[2024-08-29 13:00:25:10210][Test worker] DEBUG o.e.c.r.c.RestaurantPreviewControllerTest[51] - Running with Spring Boot v3.3.2, Spring v6.1.11
[2024-08-29 13:00:25:10210][Test worker] INFO  o.e.c.r.c.RestaurantPreviewControllerTest[660] - The following 2 profiles are active: "API-KEY", "prod"
[2024-08-29 13:00:25:10416][Test worker] INFO  o.e.c.r.c.RestaurantPreviewControllerTest[56] - Started RestaurantPreviewControllerTest in 0.224 seconds (process running for 11.086)
[2024-08-29 13:00:25:10428][Test worker] INFO  o.e.c.d.r.c.RestaurantPreviewController[37] - memberUserDetails: null
[2024-08-29 13:00:26:11203][Test worker] INFO  o.e.c.r.c.ReviewControllerTest[50] - Starting ReviewControllerTest using Java 17.0.12 with PID 45781 (started by sunwoo in /Users/sunwoo/Desktop/Git/E2E2-CATCHLINE)
[2024-08-29 13:00:26:11204][Test worker] DEBUG o.e.c.r.c.ReviewControllerTest[51] - Running with Spring Boot v3.3.2, Spring v6.1.11
[2024-08-29 13:00:26:11204][Test worker] INFO  o.e.c.r.c.ReviewControllerTest[660] - The following 2 profiles are active: "API-KEY", "prod"
[2024-08-29 13:00:26:11355][Test worker] INFO  o.e.c.r.c.ReviewControllerTest[56] - Started ReviewControllerTest in 0.161 seconds (process running for 12.025)
