2024-08-28 15:37:20.596 [INFO] [background-preinit] [o.h.validator.internal.util.Version] - HV000001: Hibernate Validator 8.0.1.Final
2024-08-28 15:37:20.614 [INFO] [main] [o.e.catch_line.CatchLineApplication] - Starting CatchLineApplication using Java 17.0.12 with PID 16144 (/Users/sunwoo/Desktop/Git/E2E2-CATCHLINE/build/classes/java/main started by sunwoo in /Users/sunwoo/Desktop/Git/E2E2-CATCHLINE)
2024-08-28 15:37:20.614 [INFO] [main] [o.e.catch_line.CatchLineApplication] - The following 1 profile is active: "API-KEY"
2024-08-28 15:37:21.132 [INFO] [main] [o.s.d.r.c.RepositoryConfigurationDelegate] - Bootstrapping Spring Data JPA repositories in DEFAULT mode.
2024-08-28 15:37:21.181 [INFO] [main] [o.s.d.r.c.RepositoryConfigurationDelegate] - Finished Spring Data repository scanning in 45 ms. Found 12 JPA repository interfaces.
2024-08-28 15:37:21.507 [INFO] [main] [o.s.b.w.e.tomcat.TomcatWebServer] - Tomcat initialized with port 8080 (http)
2024-08-28 15:37:21.512 [INFO] [main] [o.a.coyote.http11.Http11NioProtocol] - Initializing ProtocolHandler ["http-nio-8080"]
2024-08-28 15:37:21.513 [INFO] [main] [o.a.catalina.core.StandardService] - Starting service [Tomcat]
2024-08-28 15:37:21.513 [INFO] [main] [o.a.catalina.core.StandardEngine] - Starting Servlet engine: [Apache Tomcat/10.1.26]
2024-08-28 15:37:21.536 [INFO] [main] [o.a.c.c.C.[Tomcat].[localhost].[/]] - Initializing Spring embedded WebApplicationContext
2024-08-28 15:37:21.536 [INFO] [main] [o.s.b.w.s.c.ServletWebServerApplicationContext] - Root WebApplicationContext: initialization completed in 906 ms
2024-08-28 15:37:21.628 [INFO] [main] [o.h.jpa.internal.util.LogHelper] - HHH000204: Processing PersistenceUnitInfo [name: default]
2024-08-28 15:37:21.646 [INFO] [main] [org.hibernate.Version] - HHH000412: Hibernate ORM core version 6.5.2.Final
2024-08-28 15:37:21.658 [INFO] [main] [o.h.c.i.RegionFactoryInitiator] - HHH000026: Second-level cache disabled
2024-08-28 15:37:21.790 [INFO] [main] [o.s.o.j.p.SpringPersistenceUnitInfo] - No LoadTimeWeaver setup: ignoring JPA class transformer
2024-08-28 15:37:21.800 [INFO] [main] [com.zaxxer.hikari.HikariDataSource] - HikariPool-1 - Starting...
2024-08-28 15:37:21.942 [INFO] [main] [com.zaxxer.hikari.pool.HikariPool] - HikariPool-1 - Added connection com.mysql.cj.jdbc.ConnectionImpl@31dbf5bb
2024-08-28 15:37:21.943 [INFO] [main] [com.zaxxer.hikari.HikariDataSource] - HikariPool-1 - Start completed.
2024-08-28 15:37:22.461 [INFO] [main] [o.h.e.t.j.p.i.JtaPlatformInitiator] - HHH000489: No JTA platform available (set 'hibernate.transaction.jta.platform' to enable JTA platform integration)
2024-08-28 15:37:22.989 [INFO] [main] [o.s.o.j.LocalContainerEntityManagerFactoryBean] - Initialized JPA EntityManagerFactory for persistence unit 'default'
2024-08-28 15:37:23.334 [INFO] [main] [o.s.d.j.r.query.QueryEnhancerFactory] - Hibernate is in classpath; If applicable, HQL parser will be used.
2024-08-28 15:37:24.057 [INFO] [main] [o.a.coyote.http11.Http11NioProtocol] - Starting ProtocolHandler ["http-nio-8080"]
2024-08-28 15:37:24.070 [INFO] [main] [o.s.b.w.e.tomcat.TomcatWebServer] - Tomcat started on port 8080 (http) with context path '/'
2024-08-28 15:37:24.076 [INFO] [main] [o.e.catch_line.CatchLineApplication] - Started CatchLineApplication in 3.682 seconds (process running for 3.911)
2024-08-28 15:37:30.066 [INFO] [http-nio-8080-exec-1] [o.a.c.c.C.[Tomcat].[localhost].[/]] - Initializing Spring DispatcherServlet 'dispatcherServlet'
2024-08-28 15:37:30.066 [INFO] [http-nio-8080-exec-1] [o.s.web.servlet.DispatcherServlet] - Initializing Servlet 'dispatcherServlet'
2024-08-28 15:37:30.070 [INFO] [http-nio-8080-exec-1] [o.s.web.servlet.DispatcherServlet] - Completed initialization in 4 ms
2024-08-28 15:37:30.105 [INFO] [http-nio-8080-exec-2] [o.e.c.filter.RestaurantPreviewFilter] - RestaurantPreviewFilter 진입
2024-08-28 15:37:30.113 [INFO] [http-nio-8080-exec-2] [o.e.c.d.r.c.RestaurantPreviewController] - memberUserDetails: null
2024-08-28 15:37:40.814 [INFO] [http-nio-8080-exec-6] [o.e.c.u.a.controller.OAuthController] - kakao login 시작
2024-08-28 15:37:41.211 [INFO] [http-nio-8080-exec-8] [o.e.c.u.a.service.OAuth2LoginService] - attributes: {id=3670382922, connected_at=2024-08-19T05:25:51Z, properties={nickname=이선우}, kakao_account={profile_nickname_needs_agreement=false, profile={nickname=이선우, is_default_nickname=false}, has_email=true, email_needs_agreement=false, is_email_valid=true, is_email_verified=true, email=sunn10189@gmail.com}}
2024-08-28 15:37:41.275 [INFO] [http-nio-8080-exec-8] [o.e.c.u.a.service.OAuth2LoginService] - userNameAttributeName: id
2024-08-28 15:37:41.293 [INFO] [http-nio-8080-exec-8] [o.e.c.user.auth.token.JwtTokenUtil] - generated JWT Token: eyJhbGciOiJIUzUxMiJ9.eyJzdWIiOiJrYWthb18zNjcwMzgyOTIyIiwiaWF0IjoxNzI0ODI3MDYxLCJleHAiOjE3MjQ4Mjc2NjF9.fX-9O8EBSbChEu5kPR269icpyFfYowG-c8Tx6CStPlUtX-yYY4CClTIuCLHZeHuI36WYLWRHtRlxw4PbRvu3JQ
2024-08-28 15:37:41.297 [INFO] [http-nio-8080-exec-9] [o.e.c.filter.RestaurantPreviewFilter] - RestaurantPreviewFilter 진입
2024-08-28 15:37:41.297 [INFO] [http-nio-8080-exec-9] [o.e.c.filter.RestaurantPreviewFilter] - jwt token이 있음
2024-08-28 15:37:41.302 [INFO] [http-nio-8080-exec-9] [o.e.c.filter.RestaurantPreviewFilter] - kakao username 이 있음
2024-08-28 15:37:41.306 [INFO] [http-nio-8080-exec-9] [o.e.c.d.r.c.RestaurantPreviewController] - memberUserDetails: MemberUserDetails(member=org.example.catch_line.user.member.model.entity.MemberEntity@77758c11)
2024-08-28 15:37:49.724 [INFO] [http-nio-8080-exec-6] [o.e.c.h.controller.HistoryController] - Get history
2024-08-28 15:56:58.090 [INFO] [SpringApplicationShutdownHook] [o.s.o.j.LocalContainerEntityManagerFactoryBean] - Closing JPA EntityManagerFactory for persistence unit 'default'
2024-08-28 15:56:58.093 [INFO] [SpringApplicationShutdownHook] [com.zaxxer.hikari.HikariDataSource] - HikariPool-1 - Shutdown initiated...
2024-08-28 15:56:58.105 [INFO] [SpringApplicationShutdownHook] [com.zaxxer.hikari.HikariDataSource] - HikariPool-1 - Shutdown completed.
